<?xml version="1.0" encoding="UTF-8"?>
<Site BuildName="(empty)"
	BuildStamp="20240607-1239-Experimental"
	Name="robot"
	Generator="ctest-3.16.3"
	CompilerName="/usr/bin/c++"
	CompilerVersion="9.4.0"
	OSName="Linux"
	Hostname="robot"
	OSRelease="5.4.239-xenomai-3.2.3+"
	OSVersion="#1 SMP PREEMPT Thu May 16 14:57:37 KST 2024"
	OSPlatform="x86_64"
	Is64Bits="1"
	VendorString="GenuineIntel"
	VendorID="Intel Corporation"
	FamilyID="6"
	ModelID="165"
	ProcessorCacheSize="16384"
	NumberOfLogicalCPU="8"
	NumberOfPhysicalCPU="8"
	TotalVirtualMemory="2047"
	TotalPhysicalMemory="31533"
	LogicalProcessorsPerPhysical="1"
	ProcessorClockFrequency="2900"
	>
	<Testing>
		<StartDateTime>Jun 07 21:39 KST</StartDateTime>
		<StartTestTime>1717763956</StartTestTime>
		<TestList/>
		<EndDateTime>Jun 07 21:39 KST</EndDateTime>
		<EndTestTime>1717763956</EndTestTime>
		<ElapsedMinutes>0</ElapsedMinutes>
	</Testing>
</Site>
